<?xml version="1.0" encoding="UTF-8"?>
<!-- Generated by org.testng.reporters.JUnitReportReporter -->
<testsuite hostname="HOMEBASIC-PC" name="com.actitime.tests.MavenDemo" tests="1" failures="0" timestamp="16 Jul 2017 15:24:24 GMT" time="0.031" errors="0">
  <testcase name="testA" time="0.031" classname="com.actitime.tests.MavenDemo"/>
</testsuite> <!-- com.actitime.tests.MavenDemo -->
